<?xml version="1.0" encoding="UTF-8"?>
<!-- Generated by org.testng.reporters.JUnitReportReporter -->
<testsuite hostname="DESKTOP-1QBSVOI" failures="0" tests="1" name="com.qa.tests.GetAPITest" time="1.243" errors="0" timestamp="2022-06-06T11:03:30 PDT" skipped="0">
  <testcase classname="com.qa.tests.GetAPITest" name="getTest" time="1.243"/>
  <system-out/>
</testsuite> <!-- com.qa.tests.GetAPITest -->
