<?xml version="1.0" encoding="UTF-8"?>
<!-- Generated by org.testng.reporters.JUnitReportReporter -->
<testsuite hostname="DESKTOP-1QBSVOI" failures="0" tests="1" name="com.qa.tests.PostApiTest" time="1.492" errors="0" timestamp="2022-07-21T12:35:47 PDT" skipped="0">
  <testcase classname="com.qa.tests.PostApiTest" name="postAPITest" time="1.492"/>
  <system-out/>
</testsuite> <!-- com.qa.tests.PostApiTest -->
